<?xml version="1.0" encoding="UTF-8"?>
<testng-results skipped="0" failed="0" ignored="0" total="1" passed="1">
  <reporter-output>
  </reporter-output>
  <suite name="Default suite" duration-ms="6820" started-at="2018-02-05T23:17:13Z" finished-at="2018-02-05T23:17:20Z">
    <groups>
    </groups>
    <test name="Default test" duration-ms="6820" started-at="2018-02-05T23:17:13Z" finished-at="2018-02-05T23:17:20Z">
      <class name="com.TestComplete.TestCase.OrderDetails">
        <test-method status="PASS" signature="Launch_Browser()[pri:0, instance:com.TestComplete.TestCase.OrderDetails@100955a]" name="Launch_Browser" is-config="true" duration-ms="5279" started-at="2018-02-05T18:17:13Z" finished-at="2018-02-05T18:17:19Z">
          <reporter-output>
          </reporter-output>
        </test-method> <!-- Launch_Browser -->
        <test-method status="PASS" signature="details()[pri:0, instance:com.TestComplete.TestCase.OrderDetails@100955a]" name="details" duration-ms="1518" started-at="2018-02-05T18:17:19Z" finished-at="2018-02-05T18:17:20Z">
          <reporter-output>
          </reporter-output>
        </test-method> <!-- details -->
      </class> <!-- com.TestComplete.TestCase.OrderDetails -->
    </test> <!-- Default test -->
  </suite> <!-- Default suite -->
</testng-results>
