<?xml version="1.0" encoding="UTF-8"?>
<!-- Generated by org.testng.reporters.JUnitXMLReporter -->
<testsuite hostname="khushi_Aashi" ignored="0" name="Test" tests="4" failures="0" timestamp="22 Jan 2018 23:37:09 GMT" time="54.279" errors="0">
  <testcase name="bookingTest" time="9.117" classname="com.demoaut.newTour.TestScripts.BookTicketTest"/>
  <testcase name="invalidTest" time="2.884" classname="com.demoaut.newTour.TestScripts.InvalidUserTest"/>
  <testcase name="userValidation" time="4.569" classname="com.demoaut.newTour.TestScripts.ValidateUserTest"/>
  <testcase name="RegisterUser" time="5.184" classname="com.demoaut.newTour.TestScripts.Register_TestCase"/>
</testsuite> <!-- Test -->
